<?xml version="1.0" encoding="UTF-8"?>
<!-- Generated by org.testng.reporters.JUnitXMLReporter -->
<testsuite ignored="1" hostname="DESKTOP-LT3GB5V" failures="0" tests="1" name="NegativePasswordTests" time="23.685" errors="0" timestamp="2024-05-29T11:41:42 UYT">
  <testcase classname="com.herokuapp.theinternet.LoginTests" name="negativeLoginTest" time="17.116"/>
  <testcase classname="com.herokuapp.theinternet.LoginTests" name="positiveLoginTest" time="0.0">
    <ignored/>
  </testcase> <!-- positiveLoginTest -->
</testsuite> <!-- NegativePasswordTests -->
