<?xml version="1.0" encoding="UTF-8"?>
<!-- Generated by org.testng.reporters.JUnitXMLReporter -->
<testsuite ignored="1" hostname="DESKTOP-LT3GB5V" failures="0" tests="1" name="PositiveTests" time="21.22" errors="0" timestamp="2024-05-29T11:40:57 UYT">
  <testcase classname="com.herokuapp.theinternet.LoginTests" name="positiveLoginTest" time="18.619"/>
  <testcase classname="com.herokuapp.theinternet.LoginTests" name="negativeLoginTest" time="0.0">
    <ignored/>
  </testcase> <!-- negativeLoginTest -->
</testsuite> <!-- PositiveTests -->
